<?xml version="1.0" encoding="UTF-8"?>
<!-- Generated by org.testng.reporters.JUnitReportReporter -->
<testsuite skipped="0" hostname="TYSS-4F-050" name="com.puma.test.pumatest" tests="1" failures="0" timestamp="16 Jul 2018 08:53:19 GMT" time="50.021" errors="0">
  <testcase name="testApplication" time="50.021" classname="com.puma.test.pumatest"/>
</testsuite> <!-- com.puma.test.pumatest -->
