<?xml version="1.0" encoding="UTF-8"?>
<!-- Generated by org.testng.reporters.JUnitReportReporter -->
<testsuite skipped="0" hostname="TYSS-4F-050" name="com.puma.test.pumatest" tests="1" failures="0" timestamp="10 Jul 2018 08:58:28 GMT" time="86.453" errors="0">
  <testcase name="testApplication" time="86.453" classname="com.puma.test.pumatest"/>
</testsuite> <!-- com.puma.test.pumatest -->
